<?xml version="1.0" encoding="UTF-8"?>
<!-- Generated by org.testng.reporters.JUnitXMLReporter -->
<testsuite ignored="0" hostname="QT-INNO-LT1420" failures="1" tests="8" name="Test" time="137.964" errors="0" timestamp="2022-01-25T17:07:34 IST">
  <testcase classname="com.sky.qa.testcases.ProjectPageTest" name="createProject" time="6.11"/>
  <testcase classname="com.sky.qa.testcases.ProjectPageTest" name="addEnvironmentToProject" time="1.711"/>
  <testcase classname="com.sky.qa.testcases.ProjectPageTest" name="addTemplateToProject" time="1.71"/>
  <testcase classname="com.sky.qa.testcases.ProjectPageTest" name="addAssetToProject" time="1.211"/>
  <testcase classname="com.sky.qa.testcases.ProjectPageTest" name="addGroupToProject" time="6.336"/>
  <testcase classname="com.sky.qa.testcases.ProjectPageTest" name="addUserToProject" time="1.259"/>
  <testcase classname="com.sky.qa.testcases.ProjectPageTest" name="removeFromProject" time="16.387">
    <skipped/>
  </testcase> <!-- removeFromProject -->
  <testcase classname="com.sky.qa.testcases.ProjectPageTest" name="removeFromProject" time="65.15">
    <failure type="org.openqa.selenium.WebDriverException" message="chrome not reachable
  (Session info: chrome=97.0.4692.99)
Build info: version: &amp;apos;4.0.0-beta-1&amp;apos;, revision: &amp;apos;9c03156c2b&amp;apos;
System info: host: &amp;apos;QT-INNO-LT1420&amp;apos;, ip: &amp;apos;192.168.1.32&amp;apos;, os.name: &amp;apos;Windows 10&amp;apos;, os.arch: &amp;apos;amd64&amp;apos;, os.version: &amp;apos;10.0&amp;apos;, java.version: &amp;apos;17.0.1&amp;apos;
Driver info: org.openqa.selenium.chrome.ChromeDriver
Command: [a17e13f3d00f04f13863cea18fa9594a, findElement {using=xpath, value=(//div/a[starts-with(@class,&amp;apos;resource-list-item&amp;apos;)])[1]}]
Capabilities {acceptInsecureCerts: false, browserName: chrome, browserVersion: 97.0.4692.99, chrome: {chromedriverVersion: 97.0.4692.71 (adefa7837d02a..., userDataDir: C:\Users\ROHIT~1.SAI\AppDat...}, goog:chromeOptions: {debuggerAddress: localhost:51388}, javascriptEnabled: true, networkConnectionEnabled: false, pageLoadStrategy: normal, platform: WINDOWS, platformName: WINDOWS, proxy: Proxy(), setWindowRect: true, strictFileInteractability: false, timeouts: {implicit: 0, pageLoad: 300000, script: 30000}, unhandledPromptBehavior: dismiss and notify, webauthn:extension:credBlob: true, webauthn:extension:largeBlob: true, webauthn:virtualAuthenticators: true}
Session ID: a17e13f3d00f04f13863cea18fa9594a">
      <![CDATA[org.openqa.selenium.WebDriverException: chrome not reachable
  (Session info: chrome=97.0.4692.99)
Build info: version: '4.0.0-beta-1', revision: '9c03156c2b'
System info: host: 'QT-INNO-LT1420', ip: '192.168.1.32', os.name: 'Windows 10', os.arch: 'amd64', os.version: '10.0', java.version: '17.0.1'
Driver info: org.openqa.selenium.chrome.ChromeDriver
Command: [a17e13f3d00f04f13863cea18fa9594a, findElement {using=xpath, value=(//div/a[starts-with(@class,'resource-list-item')])[1]}]
Capabilities {acceptInsecureCerts: false, browserName: chrome, browserVersion: 97.0.4692.99, chrome: {chromedriverVersion: 97.0.4692.71 (adefa7837d02a..., userDataDir: C:\Users\ROHIT~1.SAI\AppDat...}, goog:chromeOptions: {debuggerAddress: localhost:51388}, javascriptEnabled: true, networkConnectionEnabled: false, pageLoadStrategy: normal, platform: WINDOWS, platformName: WINDOWS, proxy: Proxy(), setWindowRect: true, strictFileInteractability: false, timeouts: {implicit: 0, pageLoad: 300000, script: 30000}, unhandledPromptBehavior: dismiss and notify, webauthn:extension:credBlob: true, webauthn:extension:largeBlob: true, webauthn:virtualAuthenticators: true}
Session ID: a17e13f3d00f04f13863cea18fa9594a
at org.openqa.selenium.remote.codec.w3c.W3CHttpResponseCodec.createException(W3CHttpResponseCodec.java:195)
at org.openqa.selenium.remote.codec.w3c.W3CHttpResponseCodec.decode(W3CHttpResponseCodec.java:128)
at org.openqa.selenium.remote.codec.w3c.W3CHttpResponseCodec.decode(W3CHttpResponseCodec.java:52)
at org.openqa.selenium.remote.HttpCommandExecutor.execute(HttpCommandExecutor.java:181)
at org.openqa.selenium.remote.service.DriverCommandExecutor.invokeExecute(DriverCommandExecutor.java:153)
at org.openqa.selenium.remote.service.DriverCommandExecutor.execute(DriverCommandExecutor.java:128)
at org.openqa.selenium.remote.RemoteWebDriver.execute(RemoteWebDriver.java:620)
at org.openqa.selenium.remote.RemoteWebDriver$Mechanism$2.findElement(RemoteWebDriver.java:1255)
at org.openqa.selenium.remote.RemoteWebDriver.findElement(RemoteWebDriver.java:388)
at org.openqa.selenium.remote.RemoteWebDriver.findElement(RemoteWebDriver.java:382)
at org.openqa.selenium.support.pagefactory.DefaultElementLocator.findElement(DefaultElementLocator.java:70)
at org.openqa.selenium.support.pagefactory.internal.LocatingElementHandler.invoke(LocatingElementHandler.java:39)
at jdk.proxy2/jdk.proxy2.$Proxy16.isDisplayed(Unknown Source)
at org.openqa.selenium.support.ui.ExpectedConditions.elementIfVisible(ExpectedConditions.java:307)
at org.openqa.selenium.support.ui.ExpectedConditions.access$000(ExpectedConditions.java:40)
at org.openqa.selenium.support.ui.ExpectedConditions$10.apply(ExpectedConditions.java:293)
at org.openqa.selenium.support.ui.ExpectedConditions$10.apply(ExpectedConditions.java:290)
at org.openqa.selenium.support.ui.FluentWait.until(FluentWait.java:208)
at com.Sky.qa.pages.ProjectPage.removeResourceFromProject(ProjectPage.java:217)
at com.sky.qa.testcases.ProjectPageTest.removeFromProject(ProjectPageTest.java:99)
at java.base/java.util.ArrayList.forEach(ArrayList.java:1511)
... Removed 32 stack frames]]>
    </failure>
  </testcase> <!-- removeFromProject -->
</testsuite> <!-- Test -->
